{"D:\\Projet\\okalee\\Devops\\Atelier\\TestIntegration\\App-Test-Back\\configs\\envConfig.js": {"path":"D:\\Projet\\okalee\\Devops\\Atelier\\TestIntegration\\App-Test-Back\\configs\\envConfig.js","statementMap":{"0":{"start":{"line":3,"column":0},"end":{"line":3,"column":16}},"1":{"start":{"line":5,"column":19},"end":{"line":13,"column":1}}},"fnMap":{},"branchMap":{},"s":{"0":2,"1":2},"f":{},"b":{},"inputSourceMap":null,"_coverageSchema":"1a1c01bbd47fc00a2c39e90264f33305004495a9","hash":"4e0a475a89395ea2acafcfe53fcea9aabe9b7ddf"}
,"D:\\Projet\\okalee\\Devops\\Atelier\\TestIntegration\\App-Test-Back\\controllers\\author.controller.js": {"path":"D:\\Projet\\okalee\\Devops\\Atelier\\TestIntegration\\App-Test-Back\\controllers\\author.controller.js","statementMap":{"0":{"start":{"line":4,"column":15},"end":{"line":11,"column":1}},"1":{"start":{"line":5,"column":2},"end":{"line":10,"column":3}},"2":{"start":{"line":6,"column":20},"end":{"line":6,"column":42}},"3":{"start":{"line":7,"column":4},"end":{"line":7,"column":34}},"4":{"start":{"line":9,"column":4},"end":{"line":9,"column":64}},"5":{"start":{"line":13,"column":16},"end":{"line":26,"column":1}},"6":{"start":{"line":14,"column":2},"end":{"line":25,"column":3}},"7":{"start":{"line":15,"column":19},"end":{"line":15,"column":29}},"8":{"start":{"line":16,"column":19},"end":{"line":16,"column":44}},"9":{"start":{"line":18,"column":4},"end":{"line":20,"column":5}},"10":{"start":{"line":19,"column":6},"end":{"line":19,"column":67}},"11":{"start":{"line":22,"column":4},"end":{"line":22,"column":33}},"12":{"start":{"line":24,"column":4},"end":{"line":24,"column":64}},"13":{"start":{"line":28,"column":15},"end":{"line":44,"column":1}},"14":{"start":{"line":29,"column":2},"end":{"line":43,"column":3}},"15":{"start":{"line":30,"column":19},"end":{"line":30,"column":40}},"16":{"start":{"line":31,"column":4},"end":{"line":35,"column":5}},"17":{"start":{"line":32,"column":6},"end":{"line":34,"column":9}},"18":{"start":{"line":37,"column":36},"end":{"line":37,"column":44}},"19":{"start":{"line":39,"column":19},"end":{"line":39,"column":63}},"20":{"start":{"line":40,"column":4},"end":{"line":40,"column":74}},"21":{"start":{"line":42,"column":4},"end":{"line":42,"column":16}},"22":{"start":{"line":46,"column":19},"end":{"line":69,"column":1}},"23":{"start":{"line":47,"column":2},"end":{"line":68,"column":3}},"24":{"start":{"line":48,"column":19},"end":{"line":48,"column":40}},"25":{"start":{"line":49,"column":4},"end":{"line":53,"column":5}},"26":{"start":{"line":50,"column":6},"end":{"line":52,"column":9}},"27":{"start":{"line":55,"column":19},"end":{"line":55,"column":29}},"28":{"start":{"line":56,"column":36},"end":{"line":56,"column":44}},"29":{"start":{"line":57,"column":19},"end":{"line":57,"column":44}},"30":{"start":{"line":59,"column":4},"end":{"line":61,"column":5}},"31":{"start":{"line":60,"column":6},"end":{"line":60,"column":67}},"32":{"start":{"line":63,"column":4},"end":{"line":63,"column":64}},"33":{"start":{"line":65,"column":4},"end":{"line":65,"column":73}},"34":{"start":{"line":67,"column":4},"end":{"line":67,"column":64}},"35":{"start":{"line":71,"column":19},"end":{"line":85,"column":1}},"36":{"start":{"line":72,"column":2},"end":{"line":84,"column":3}},"37":{"start":{"line":73,"column":19},"end":{"line":73,"column":29}},"38":{"start":{"line":74,"column":19},"end":{"line":74,"column":44}},"39":{"start":{"line":76,"column":4},"end":{"line":78,"column":5}},"40":{"start":{"line":77,"column":6},"end":{"line":77,"column":67}},"41":{"start":{"line":80,"column":4},"end":{"line":80,"column":27}},"42":{"start":{"line":81,"column":4},"end":{"line":81,"column":65}},"43":{"start":{"line":83,"column":4},"end":{"line":83,"column":64}}},"fnMap":{"0":{"name":"(anonymous_0)","decl":{"start":{"line":4,"column":15},"end":{"line":4,"column":16}},"loc":{"start":{"line":4,"column":35},"end":{"line":11,"column":1}},"line":4},"1":{"name":"(anonymous_1)","decl":{"start":{"line":13,"column":16},"end":{"line":13,"column":17}},"loc":{"start":{"line":13,"column":36},"end":{"line":26,"column":1}},"line":13},"2":{"name":"(anonymous_2)","decl":{"start":{"line":28,"column":15},"end":{"line":28,"column":16}},"loc":{"start":{"line":28,"column":41},"end":{"line":44,"column":1}},"line":28},"3":{"name":"(anonymous_3)","decl":{"start":{"line":46,"column":19},"end":{"line":46,"column":20}},"loc":{"start":{"line":46,"column":39},"end":{"line":69,"column":1}},"line":46},"4":{"name":"(anonymous_4)","decl":{"start":{"line":71,"column":19},"end":{"line":71,"column":20}},"loc":{"start":{"line":71,"column":39},"end":{"line":85,"column":1}},"line":71}},"branchMap":{"0":{"loc":{"start":{"line":18,"column":4},"end":{"line":20,"column":5}},"type":"if","locations":[{"start":{"line":18,"column":4},"end":{"line":20,"column":5}},{"start":{},"end":{}}],"line":18},"1":{"loc":{"start":{"line":31,"column":4},"end":{"line":35,"column":5}},"type":"if","locations":[{"start":{"line":31,"column":4},"end":{"line":35,"column":5}},{"start":{},"end":{}}],"line":31},"2":{"loc":{"start":{"line":49,"column":4},"end":{"line":53,"column":5}},"type":"if","locations":[{"start":{"line":49,"column":4},"end":{"line":53,"column":5}},{"start":{},"end":{}}],"line":49},"3":{"loc":{"start":{"line":59,"column":4},"end":{"line":61,"column":5}},"type":"if","locations":[{"start":{"line":59,"column":4},"end":{"line":61,"column":5}},{"start":{},"end":{}}],"line":59},"4":{"loc":{"start":{"line":76,"column":4},"end":{"line":78,"column":5}},"type":"if","locations":[{"start":{"line":76,"column":4},"end":{"line":78,"column":5}},{"start":{},"end":{}}],"line":76}},"s":{"0":1,"1":1,"2":1,"3":1,"4":0,"5":1,"6":2,"7":2,"8":2,"9":2,"10":1,"11":1,"12":0,"13":1,"14":3,"15":3,"16":3,"17":1,"18":2,"19":2,"20":2,"21":0,"22":1,"23":3,"24":3,"25":3,"26":1,"27":2,"28":2,"29":2,"30":2,"31":1,"32":1,"33":1,"34":0,"35":1,"36":2,"37":2,"38":2,"39":2,"40":1,"41":1,"42":1,"43":0},"f":{"0":1,"1":2,"2":3,"3":3,"4":2},"b":{"0":[1,1],"1":[1,2],"2":[1,2],"3":[1,1],"4":[1,1]},"inputSourceMap":null,"_coverageSchema":"1a1c01bbd47fc00a2c39e90264f33305004495a9","hash":"114dcd91b95721994dd12f5b7d8d240cabd4841e"}
,"D:\\Projet\\okalee\\Devops\\Atelier\\TestIntegration\\App-Test-Back\\controllers\\book.controller.js": {"path":"D:\\Projet\\okalee\\Devops\\Atelier\\TestIntegration\\App-Test-Back\\controllers\\book.controller.js","statementMap":{"0":{"start":{"line":4,"column":15},"end":{"line":16,"column":1}},"1":{"start":{"line":5,"column":2},"end":{"line":15,"column":3}},"2":{"start":{"line":6,"column":18},"end":{"line":11,"column":6}},"3":{"start":{"line":12,"column":4},"end":{"line":12,"column":32}},"4":{"start":{"line":14,"column":4},"end":{"line":14,"column":62}},"5":{"start":{"line":18,"column":16},"end":{"line":36,"column":1}},"6":{"start":{"line":19,"column":2},"end":{"line":35,"column":3}},"7":{"start":{"line":20,"column":19},"end":{"line":20,"column":29}},"8":{"start":{"line":21,"column":17},"end":{"line":26,"column":6}},"9":{"start":{"line":28,"column":4},"end":{"line":30,"column":5}},"10":{"start":{"line":29,"column":6},"end":{"line":29,"column":65}},"11":{"start":{"line":32,"column":4},"end":{"line":32,"column":31}},"12":{"start":{"line":34,"column":4},"end":{"line":34,"column":62}},"13":{"start":{"line":38,"column":15},"end":{"line":59,"column":1}},"14":{"start":{"line":39,"column":2},"end":{"line":58,"column":3}},"15":{"start":{"line":40,"column":19},"end":{"line":40,"column":40}},"16":{"start":{"line":41,"column":4},"end":{"line":45,"column":5}},"17":{"start":{"line":42,"column":6},"end":{"line":44,"column":9}},"18":{"start":{"line":47,"column":49},"end":{"line":47,"column":57}},"19":{"start":{"line":49,"column":19},"end":{"line":49,"column":50}},"20":{"start":{"line":50,"column":4},"end":{"line":52,"column":5}},"21":{"start":{"line":51,"column":6},"end":{"line":51,"column":67}},"22":{"start":{"line":54,"column":17},"end":{"line":54,"column":72}},"23":{"start":{"line":55,"column":4},"end":{"line":55,"column":70}},"24":{"start":{"line":57,"column":4},"end":{"line":57,"column":16}},"25":{"start":{"line":61,"column":19},"end":{"line":91,"column":1}},"26":{"start":{"line":62,"column":2},"end":{"line":90,"column":3}},"27":{"start":{"line":63,"column":19},"end":{"line":63,"column":40}},"28":{"start":{"line":64,"column":4},"end":{"line":68,"column":5}},"29":{"start":{"line":65,"column":6},"end":{"line":67,"column":9}},"30":{"start":{"line":70,"column":19},"end":{"line":70,"column":29}},"31":{"start":{"line":71,"column":49},"end":{"line":71,"column":57}},"32":{"start":{"line":73,"column":19},"end":{"line":73,"column":50}},"33":{"start":{"line":74,"column":4},"end":{"line":76,"column":5}},"34":{"start":{"line":75,"column":6},"end":{"line":75,"column":67}},"35":{"start":{"line":78,"column":17},"end":{"line":78,"column":40}},"36":{"start":{"line":80,"column":4},"end":{"line":82,"column":5}},"37":{"start":{"line":81,"column":6},"end":{"line":81,"column":65}},"38":{"start":{"line":84,"column":4},"end":{"line":84,"column":75}},"39":{"start":{"line":86,"column":4},"end":{"line":86,"column":69}},"40":{"start":{"line":88,"column":4},"end":{"line":88,"column":23}},"41":{"start":{"line":89,"column":4},"end":{"line":89,"column":62}},"42":{"start":{"line":93,"column":19},"end":{"line":108,"column":1}},"43":{"start":{"line":94,"column":2},"end":{"line":107,"column":3}},"44":{"start":{"line":95,"column":19},"end":{"line":95,"column":29}},"45":{"start":{"line":96,"column":17},"end":{"line":96,"column":40}},"46":{"start":{"line":98,"column":4},"end":{"line":100,"column":5}},"47":{"start":{"line":99,"column":6},"end":{"line":99,"column":65}},"48":{"start":{"line":102,"column":4},"end":{"line":102,"column":25}},"49":{"start":{"line":103,"column":4},"end":{"line":103,"column":63}},"50":{"start":{"line":105,"column":4},"end":{"line":105,"column":23}},"51":{"start":{"line":106,"column":4},"end":{"line":106,"column":62}}},"fnMap":{"0":{"name":"(anonymous_0)","decl":{"start":{"line":4,"column":15},"end":{"line":4,"column":16}},"loc":{"start":{"line":4,"column":35},"end":{"line":16,"column":1}},"line":4},"1":{"name":"(anonymous_1)","decl":{"start":{"line":18,"column":16},"end":{"line":18,"column":17}},"loc":{"start":{"line":18,"column":36},"end":{"line":36,"column":1}},"line":18},"2":{"name":"(anonymous_2)","decl":{"start":{"line":38,"column":15},"end":{"line":38,"column":16}},"loc":{"start":{"line":38,"column":41},"end":{"line":59,"column":1}},"line":38},"3":{"name":"(anonymous_3)","decl":{"start":{"line":61,"column":19},"end":{"line":61,"column":20}},"loc":{"start":{"line":61,"column":39},"end":{"line":91,"column":1}},"line":61},"4":{"name":"(anonymous_4)","decl":{"start":{"line":93,"column":19},"end":{"line":93,"column":20}},"loc":{"start":{"line":93,"column":39},"end":{"line":108,"column":1}},"line":93}},"branchMap":{"0":{"loc":{"start":{"line":28,"column":4},"end":{"line":30,"column":5}},"type":"if","locations":[{"start":{"line":28,"column":4},"end":{"line":30,"column":5}},{"start":{},"end":{}}],"line":28},"1":{"loc":{"start":{"line":41,"column":4},"end":{"line":45,"column":5}},"type":"if","locations":[{"start":{"line":41,"column":4},"end":{"line":45,"column":5}},{"start":{},"end":{}}],"line":41},"2":{"loc":{"start":{"line":50,"column":4},"end":{"line":52,"column":5}},"type":"if","locations":[{"start":{"line":50,"column":4},"end":{"line":52,"column":5}},{"start":{},"end":{}}],"line":50},"3":{"loc":{"start":{"line":64,"column":4},"end":{"line":68,"column":5}},"type":"if","locations":[{"start":{"line":64,"column":4},"end":{"line":68,"column":5}},{"start":{},"end":{}}],"line":64},"4":{"loc":{"start":{"line":74,"column":4},"end":{"line":76,"column":5}},"type":"if","locations":[{"start":{"line":74,"column":4},"end":{"line":76,"column":5}},{"start":{},"end":{}}],"line":74},"5":{"loc":{"start":{"line":80,"column":4},"end":{"line":82,"column":5}},"type":"if","locations":[{"start":{"line":80,"column":4},"end":{"line":82,"column":5}},{"start":{},"end":{}}],"line":80},"6":{"loc":{"start":{"line":98,"column":4},"end":{"line":100,"column":5}},"type":"if","locations":[{"start":{"line":98,"column":4},"end":{"line":100,"column":5}},{"start":{},"end":{}}],"line":98}},"s":{"0":1,"1":1,"2":1,"3":1,"4":0,"5":1,"6":2,"7":2,"8":2,"9":2,"10":2,"11":0,"12":0,"13":1,"14":3,"15":3,"16":3,"17":3,"18":0,"19":0,"20":0,"21":0,"22":0,"23":0,"24":0,"25":1,"26":0,"27":0,"28":0,"29":0,"30":0,"31":0,"32":0,"33":0,"34":0,"35":0,"36":0,"37":0,"38":0,"39":0,"40":0,"41":0,"42":1,"43":0,"44":0,"45":0,"46":0,"47":0,"48":0,"49":0,"50":0,"51":0},"f":{"0":1,"1":2,"2":3,"3":0,"4":0},"b":{"0":[2,0],"1":[3,0],"2":[0,0],"3":[0,0],"4":[0,0],"5":[0,0],"6":[0,0]},"inputSourceMap":null,"_coverageSchema":"1a1c01bbd47fc00a2c39e90264f33305004495a9","hash":"879e9baf66c90c9283b00639b5c3ea4d21682f17"}
,"D:\\Projet\\okalee\\Devops\\Atelier\\TestIntegration\\App-Test-Back\\models\\author.model.js": {"path":"D:\\Projet\\okalee\\Devops\\Atelier\\TestIntegration\\App-Test-Back\\models\\author.model.js","statementMap":{"0":{"start":{"line":2,"column":2},"end":{"line":17,"column":4}}},"fnMap":{"0":{"name":"(anonymous_0)","decl":{"start":{"line":1,"column":15},"end":{"line":1,"column":16}},"loc":{"start":{"line":1,"column":40},"end":{"line":18,"column":1}},"line":1}},"branchMap":{},"s":{"0":2},"f":{"0":2},"b":{},"inputSourceMap":null,"_coverageSchema":"1a1c01bbd47fc00a2c39e90264f33305004495a9","hash":"3f8eb1cee8ecd2f74520057ab254226c231a6468"}
,"D:\\Projet\\okalee\\Devops\\Atelier\\TestIntegration\\App-Test-Back\\models\\book.model.js": {"path":"D:\\Projet\\okalee\\Devops\\Atelier\\TestIntegration\\App-Test-Back\\models\\book.model.js","statementMap":{"0":{"start":{"line":2,"column":2},"end":{"line":17,"column":4}}},"fnMap":{"0":{"name":"(anonymous_0)","decl":{"start":{"line":1,"column":15},"end":{"line":1,"column":16}},"loc":{"start":{"line":1,"column":40},"end":{"line":18,"column":1}},"line":1}},"branchMap":{},"s":{"0":2},"f":{"0":2},"b":{},"inputSourceMap":null,"_coverageSchema":"1a1c01bbd47fc00a2c39e90264f33305004495a9","hash":"5254aacae808f6c613d2e3157d69d6e6b21e3aae"}
,"D:\\Projet\\okalee\\Devops\\Atelier\\TestIntegration\\App-Test-Back\\models\\index.js": {"path":"D:\\Projet\\okalee\\Devops\\Atelier\\TestIntegration\\App-Test-Back\\models\\index.js","statementMap":{"0":{"start":{"line":6,"column":18},"end":{"line":9,"column":2}},"1":{"start":{"line":10,"column":0},"end":{"line":15,"column":1}},"2":{"start":{"line":11,"column":2},"end":{"line":11,"column":33}},"3":{"start":{"line":12,"column":2},"end":{"line":12,"column":42}},"4":{"start":{"line":14,"column":2},"end":{"line":14,"column":21}},"5":{"start":{"line":17,"column":0},"end":{"line":17,"column":34}},"6":{"start":{"line":18,"column":0},"end":{"line":18,"column":32}},"7":{"start":{"line":23,"column":4},"end":{"line":23,"column":20}},"8":{"start":{"line":25,"column":0},"end":{"line":29,"column":3}},"9":{"start":{"line":30,"column":0},"end":{"line":30,"column":23}},"10":{"start":{"line":32,"column":0},"end":{"line":32,"column":51}},"11":{"start":{"line":33,"column":0},"end":{"line":33,"column":23}}},"fnMap":{},"branchMap":{},"s":{"0":2,"1":2,"2":2,"3":2,"4":0,"5":2,"6":2,"7":2,"8":2,"9":2,"10":2,"11":2},"f":{},"b":{},"inputSourceMap":null,"_coverageSchema":"1a1c01bbd47fc00a2c39e90264f33305004495a9","hash":"bb6123cc2b964f3c9546c3a65d1c92ece4c8d44c"}
,"D:\\Projet\\okalee\\Devops\\Atelier\\TestIntegration\\App-Test-Back\\routes\\author.route.js": {"path":"D:\\Projet\\okalee\\Devops\\Atelier\\TestIntegration\\App-Test-Back\\routes\\author.route.js","statementMap":{"0":{"start":{"line":5,"column":15},"end":{"line":5,"column":31}},"1":{"start":{"line":7,"column":0},"end":{"line":7,"column":35}},"2":{"start":{"line":8,"column":0},"end":{"line":8,"column":39}},"3":{"start":{"line":9,"column":0},"end":{"line":16,"column":2}},"4":{"start":{"line":17,"column":0},"end":{"line":24,"column":2}},"5":{"start":{"line":25,"column":0},"end":{"line":25,"column":45}}},"fnMap":{},"branchMap":{},"s":{"0":1,"1":1,"2":1,"3":1,"4":1,"5":1},"f":{},"b":{},"inputSourceMap":null,"_coverageSchema":"1a1c01bbd47fc00a2c39e90264f33305004495a9","hash":"77820e6fde4ae51443f5c236537148598fb42107"}
,"D:\\Projet\\okalee\\Devops\\Atelier\\TestIntegration\\App-Test-Back\\routes\\book.route.js": {"path":"D:\\Projet\\okalee\\Devops\\Atelier\\TestIntegration\\App-Test-Back\\routes\\book.route.js","statementMap":{"0":{"start":{"line":5,"column":15},"end":{"line":5,"column":31}},"1":{"start":{"line":7,"column":0},"end":{"line":7,"column":33}},"2":{"start":{"line":8,"column":0},"end":{"line":8,"column":37}},"3":{"start":{"line":9,"column":0},"end":{"line":23,"column":2}},"4":{"start":{"line":24,"column":0},"end":{"line":37,"column":2}},"5":{"start":{"line":38,"column":0},"end":{"line":38,"column":43}}},"fnMap":{},"branchMap":{},"s":{"0":1,"1":1,"2":1,"3":1,"4":1,"5":1},"f":{},"b":{},"inputSourceMap":null,"_coverageSchema":"1a1c01bbd47fc00a2c39e90264f33305004495a9","hash":"95001e040ede0bb4ccf29a2ffedcf3bae506489e"}
}
