TN:
SF:configs\envConfig.js
FNF:0
FNH:0
DA:3,2
DA:5,2
LF:2
LH:2
BRF:0
BRH:0
end_of_record
TN:
SF:controllers\author.controller.js
FN:4,(anonymous_0)
FN:13,(anonymous_1)
FN:28,(anonymous_2)
FN:46,(anonymous_3)
FN:71,(anonymous_4)
FNF:5
FNH:5
FNDA:1,(anonymous_0)
FNDA:2,(anonymous_1)
FNDA:3,(anonymous_2)
FNDA:3,(anonymous_3)
FNDA:2,(anonymous_4)
DA:4,1
DA:5,1
DA:6,1
DA:7,1
DA:9,0
DA:13,1
DA:14,2
DA:15,2
DA:16,2
DA:18,2
DA:19,1
DA:22,1
DA:24,0
DA:28,1
DA:29,3
DA:30,3
DA:31,3
DA:32,1
DA:37,2
DA:39,2
DA:40,2
DA:42,0
DA:46,1
DA:47,3
DA:48,3
DA:49,3
DA:50,1
DA:55,2
DA:56,2
DA:57,2
DA:59,2
DA:60,1
DA:63,1
DA:65,1
DA:67,0
DA:71,1
DA:72,2
DA:73,2
DA:74,2
DA:76,2
DA:77,1
DA:80,1
DA:81,1
DA:83,0
LF:44
LH:39
BRDA:18,0,0,1
BRDA:18,0,1,1
BRDA:31,1,0,1
BRDA:31,1,1,2
BRDA:49,2,0,1
BRDA:49,2,1,2
BRDA:59,3,0,1
BRDA:59,3,1,1
BRDA:76,4,0,1
BRDA:76,4,1,1
BRF:10
BRH:10
end_of_record
TN:
SF:controllers\book.controller.js
FN:4,(anonymous_0)
FN:18,(anonymous_1)
FN:38,(anonymous_2)
FN:61,(anonymous_3)
FN:93,(anonymous_4)
FNF:5
FNH:3
FNDA:1,(anonymous_0)
FNDA:2,(anonymous_1)
FNDA:3,(anonymous_2)
FNDA:0,(anonymous_3)
FNDA:0,(anonymous_4)
DA:4,1
DA:5,1
DA:6,1
DA:12,1
DA:14,0
DA:18,1
DA:19,2
DA:20,2
DA:21,2
DA:28,2
DA:29,2
DA:32,0
DA:34,0
DA:38,1
DA:39,3
DA:40,3
DA:41,3
DA:42,3
DA:47,0
DA:49,0
DA:50,0
DA:51,0
DA:54,0
DA:55,0
DA:57,0
DA:61,1
DA:62,0
DA:63,0
DA:64,0
DA:65,0
DA:70,0
DA:71,0
DA:73,0
DA:74,0
DA:75,0
DA:78,0
DA:80,0
DA:81,0
DA:84,0
DA:86,0
DA:88,0
DA:89,0
DA:93,1
DA:94,0
DA:95,0
DA:96,0
DA:98,0
DA:99,0
DA:102,0
DA:103,0
DA:105,0
DA:106,0
LF:52
LH:17
BRDA:28,0,0,2
BRDA:28,0,1,0
BRDA:41,1,0,3
BRDA:41,1,1,0
BRDA:50,2,0,0
BRDA:50,2,1,0
BRDA:64,3,0,0
BRDA:64,3,1,0
BRDA:74,4,0,0
BRDA:74,4,1,0
BRDA:80,5,0,0
BRDA:80,5,1,0
BRDA:98,6,0,0
BRDA:98,6,1,0
BRF:14
BRH:2
end_of_record
TN:
SF:models\author.model.js
FN:1,(anonymous_0)
FNF:1
FNH:1
FNDA:2,(anonymous_0)
DA:2,2
LF:1
LH:1
BRF:0
BRH:0
end_of_record
TN:
SF:models\book.model.js
FN:1,(anonymous_0)
FNF:1
FNH:1
FNDA:2,(anonymous_0)
DA:2,2
LF:1
LH:1
BRF:0
BRH:0
end_of_record
TN:
SF:models\index.js
FNF:0
FNH:0
DA:6,2
DA:10,2
DA:11,2
DA:12,2
DA:14,0
DA:17,2
DA:18,2
DA:23,2
DA:25,2
DA:30,2
DA:32,2
DA:33,2
LF:12
LH:11
BRF:0
BRH:0
end_of_record
TN:
SF:routes\author.route.js
FNF:0
FNH:0
DA:5,1
DA:7,1
DA:8,1
DA:9,1
DA:17,1
DA:25,1
LF:6
LH:6
BRF:0
BRH:0
end_of_record
TN:
SF:routes\book.route.js
FNF:0
FNH:0
DA:5,1
DA:7,1
DA:8,1
DA:9,1
DA:24,1
DA:38,1
LF:6
LH:6
BRF:0
BRH:0
end_of_record
